This is pdfTeX, Version 3.14159265-2.6-1.40.19 (TeX Live 2018/W32TeX) (preloaded format=pdflatex 2018.8.4)  19 AUG 2018 21:24
entering extended mode
 restricted \write18 enabled.
 %&-line parsing enabled.
**Multi-Processors.tex
(./Multi-Processors.tex
LaTeX2e <2018-04-01> patch level 5
(c:/texlive/2018/texmf-dist/tex/latex/IEEEtran/IEEEtran.cls
Document Class: IEEEtran 2015/08/26 V1.8b by Michael Shell
-- See the "IEEEtran_HOWTO" manual for usage information.
-- http://www.michaelshell.org/tex/ieeetran/
\@IEEEtrantmpdimenA=\dimen102
\@IEEEtrantmpdimenB=\dimen103
\@IEEEtrantmpdimenC=\dimen104
\@IEEEtrantmpcountA=\count80
\@IEEEtrantmpcountB=\count81
\@IEEEtrantmpcountC=\count82
\@IEEEtrantmptoksA=\toks14
LaTeX Font Info:    Try loading font information for OT1+ptm on input line 503.

(c:/texlive/2018/texmf-dist/tex/latex/psnfss/ot1ptm.fd
File: ot1ptm.fd 2001/06/04 font definitions for OT1/ptm.
)
-- Using 8.5in x 11in (letter) paper.
-- Using PDF output.
\@IEEEnormalsizeunitybaselineskip=\dimen105
-- This is a 10 point document.
\CLASSINFOnormalsizebaselineskip=\dimen106
\CLASSINFOnormalsizeunitybaselineskip=\dimen107
\IEEEnormaljot=\dimen108
LaTeX Font Info:    Font shape `OT1/ptm/bx/n' in size <5> not available
(Font)              Font shape `OT1/ptm/b/n' tried instead on input line 1090.
LaTeX Font Info:    Font shape `OT1/ptm/bx/it' in size <5> not available
(Font)              Font shape `OT1/ptm/b/it' tried instead on input line 1090.

LaTeX Font Info:    Font shape `OT1/ptm/bx/n' in size <7> not available
(Font)              Font shape `OT1/ptm/b/n' tried instead on input line 1090.
LaTeX Font Info:    Font shape `OT1/ptm/bx/it' in size <7> not available
(Font)              Font shape `OT1/ptm/b/it' tried instead on input line 1090.

LaTeX Font Info:    Font shape `OT1/ptm/bx/n' in size <8> not available
(Font)              Font shape `OT1/ptm/b/n' tried instead on input line 1090.
LaTeX Font Info:    Font shape `OT1/ptm/bx/it' in size <8> not available
(Font)              Font shape `OT1/ptm/b/it' tried instead on input line 1090.

LaTeX Font Info:    Font shape `OT1/ptm/bx/n' in size <9> not available
(Font)              Font shape `OT1/ptm/b/n' tried instead on input line 1090.
LaTeX Font Info:    Font shape `OT1/ptm/bx/it' in size <9> not available
(Font)              Font shape `OT1/ptm/b/it' tried instead on input line 1090.

LaTeX Font Info:    Font shape `OT1/ptm/bx/n' in size <10> not available
(Font)              Font shape `OT1/ptm/b/n' tried instead on input line 1090.
LaTeX Font Info:    Font shape `OT1/ptm/bx/it' in size <10> not available
(Font)              Font shape `OT1/ptm/b/it' tried instead on input line 1090.

LaTeX Font Info:    Font shape `OT1/ptm/bx/n' in size <11> not available
(Font)              Font shape `OT1/ptm/b/n' tried instead on input line 1090.
LaTeX Font Info:    Font shape `OT1/ptm/bx/it' in size <11> not available
(Font)              Font shape `OT1/ptm/b/it' tried instead on input line 1090.

LaTeX Font Info:    Font shape `OT1/ptm/bx/n' in size <12> not available
(Font)              Font shape `OT1/ptm/b/n' tried instead on input line 1090.
LaTeX Font Info:    Font shape `OT1/ptm/bx/it' in size <12> not available
(Font)              Font shape `OT1/ptm/b/it' tried instead on input line 1090.

LaTeX Font Info:    Font shape `OT1/ptm/bx/n' in size <17> not available
(Font)              Font shape `OT1/ptm/b/n' tried instead on input line 1090.
LaTeX Font Info:    Font shape `OT1/ptm/bx/it' in size <17> not available
(Font)              Font shape `OT1/ptm/b/it' tried instead on input line 1090.

LaTeX Font Info:    Font shape `OT1/ptm/bx/n' in size <20> not available
(Font)              Font shape `OT1/ptm/b/n' tried instead on input line 1090.
LaTeX Font Info:    Font shape `OT1/ptm/bx/it' in size <20> not available
(Font)              Font shape `OT1/ptm/b/it' tried instead on input line 1090.

LaTeX Font Info:    Font shape `OT1/ptm/bx/n' in size <24> not available
(Font)              Font shape `OT1/ptm/b/n' tried instead on input line 1090.
LaTeX Font Info:    Font shape `OT1/ptm/bx/it' in size <24> not available
(Font)              Font shape `OT1/ptm/b/it' tried instead on input line 1090.

\IEEEquantizedlength=\dimen109
\IEEEquantizedlengthdiff=\dimen110
\IEEEquantizedtextheightdiff=\dimen111
\IEEEilabelindentA=\dimen112
\IEEEilabelindentB=\dimen113
\IEEEilabelindent=\dimen114
\IEEEelabelindent=\dimen115
\IEEEdlabelindent=\dimen116
\IEEElabelindent=\dimen117
\IEEEiednormlabelsep=\dimen118
\IEEEiedmathlabelsep=\dimen119
\IEEEiedtopsep=\skip41
\c@section=\count83
\c@subsection=\count84
\c@subsubsection=\count85
\c@paragraph=\count86
\c@IEEEsubequation=\count87
\abovecaptionskip=\skip42
\belowcaptionskip=\skip43
\c@figure=\count88
\c@table=\count89
\@IEEEeqnnumcols=\count90
\@IEEEeqncolcnt=\count91
\@IEEEsubeqnnumrollback=\count92
\@IEEEquantizeheightA=\dimen120
\@IEEEquantizeheightB=\dimen121
\@IEEEquantizeheightC=\dimen122
\@IEEEquantizeprevdepth=\dimen123
\@IEEEquantizemultiple=\count93
\@IEEEquantizeboxA=\box26
\@IEEEtmpitemindent=\dimen124
\IEEEPARstartletwidth=\dimen125
\c@IEEEbiography=\count94
\@IEEEtranrubishbin=\box27
) (c:/texlive/2018/texmf-dist/tex/latex/graphics/color.sty
Package: color 2016/07/10 v1.1e Standard LaTeX Color (DPC)

(c:/texlive/2018/texmf-dist/tex/latex/graphics-cfg/color.cfg
File: color.cfg 2016/01/02 v1.6 sample color configuration
)
Package color Info: Driver file: pdftex.def on input line 147.

(c:/texlive/2018/texmf-dist/tex/latex/graphics-def/pdftex.def
File: pdftex.def 2018/01/08 v1.0l Graphics/color driver for pdftex
))
(c:/texlive/2018/texmf-dist/tex/latex/cite/cite.sty
LaTeX Info: Redefining \cite on input line 302.
LaTeX Info: Redefining \nocite on input line 332.
Package: cite 2015/02/27  v 5.5
)
(c:/texlive/2018/texmf-dist/tex/latex/graphics/graphicx.sty
Package: graphicx 2017/06/01 v1.1a Enhanced LaTeX Graphics (DPC,SPQR)

(c:/texlive/2018/texmf-dist/tex/latex/graphics/keyval.sty
Package: keyval 2014/10/28 v1.15 key=value parser (DPC)
\KV@toks@=\toks15
)
(c:/texlive/2018/texmf-dist/tex/latex/graphics/graphics.sty
Package: graphics 2017/06/25 v1.2c Standard LaTeX Graphics (DPC,SPQR)

(c:/texlive/2018/texmf-dist/tex/latex/graphics/trig.sty
Package: trig 2016/01/03 v1.10 sin cos tan (DPC)
)
(c:/texlive/2018/texmf-dist/tex/latex/graphics-cfg/graphics.cfg
File: graphics.cfg 2016/06/04 v1.11 sample graphics configuration
)
Package graphics Info: Driver file: pdftex.def on input line 99.
)
\Gin@req@height=\dimen126
\Gin@req@width=\dimen127
)
(c:/texlive/2018/texmf-dist/tex/latex/amsmath/amsmath.sty
Package: amsmath 2017/09/02 v2.17a AMS math features
\@mathmargin=\skip44

For additional information on amsmath, use the `?' option.
(c:/texlive/2018/texmf-dist/tex/latex/amsmath/amstext.sty
Package: amstext 2000/06/29 v2.01 AMS text

(c:/texlive/2018/texmf-dist/tex/latex/amsmath/amsgen.sty
File: amsgen.sty 1999/11/30 v2.0 generic functions
\@emptytoks=\toks16
\ex@=\dimen128
))
(c:/texlive/2018/texmf-dist/tex/latex/amsmath/amsbsy.sty
Package: amsbsy 1999/11/29 v1.2d Bold Symbols
\pmbraise@=\dimen129
)
(c:/texlive/2018/texmf-dist/tex/latex/amsmath/amsopn.sty
Package: amsopn 2016/03/08 v2.02 operator names
)
\inf@bad=\count95
LaTeX Info: Redefining \frac on input line 213.
\uproot@=\count96
\leftroot@=\count97
LaTeX Info: Redefining \overline on input line 375.
\classnum@=\count98
\DOTSCASE@=\count99
LaTeX Info: Redefining \ldots on input line 472.
LaTeX Info: Redefining \dots on input line 475.
LaTeX Info: Redefining \cdots on input line 596.
\Mathstrutbox@=\box28
\strutbox@=\box29
\big@size=\dimen130
LaTeX Font Info:    Redeclaring font encoding OML on input line 712.
LaTeX Font Info:    Redeclaring font encoding OMS on input line 713.
\macc@depth=\count100
\c@MaxMatrixCols=\count101
\dotsspace@=\muskip10
\c@parentequation=\count102
\dspbrk@lvl=\count103
\tag@help=\toks17
\row@=\count104
\column@=\count105
\maxfields@=\count106
\andhelp@=\toks18
\eqnshift@=\dimen131
\alignsep@=\dimen132
\tagshift@=\dimen133
\tagwidth@=\dimen134
\totwidth@=\dimen135
\lineht@=\dimen136
\@envbody=\toks19
\multlinegap=\skip45
\multlinetaggap=\skip46
\mathdisplay@stack=\toks20
LaTeX Info: Redefining \[ on input line 2817.
LaTeX Info: Redefining \] on input line 2818.
)
(c:/texlive/2018/texmf-dist/tex/latex/algorithm2e/algorithm2e.sty
Package: algorithm2e 2017/07/18 v5.2 algorithms environments
\c@AlgoLine=\count107

(c:/texlive/2018/texmf-dist/tex/latex/base/ifthen.sty
Package: ifthen 2014/09/29 v1.1c Standard LaTeX ifthen package (DPC)
)
\algocf@hangindent=\skip47

(c:/texlive/2018/texmf-dist/tex/latex/ifoddpage/ifoddpage.sty
Package: ifoddpage 2016/04/23 v1.1 Conditionals for odd/even page detection
\c@checkoddpage=\count108
)
(c:/texlive/2018/texmf-dist/tex/latex/tools/xspace.sty
Package: xspace 2014/10/28 v1.13 Space after command names (DPC,MH)
)
(c:/texlive/2018/texmf-dist/tex/latex/relsize/relsize.sty
Package: relsize 2013/03/29 ver 4.1
)
\skiptotal=\skip48
\skiplinenumber=\skip49
\skiprule=\skip50
\skiphlne=\skip51
\skiptext=\skip52
\skiplength=\skip53
\algomargin=\skip54
\skipalgocfslide=\skip55
\algowidth=\dimen137
\inoutsize=\dimen138
\inoutindent=\dimen139
\interspacetitleruled=\dimen140
\interspacealgoruled=\dimen141
\interspacetitleboxruled=\dimen142
\algocf@ruledwidth=\skip56
\algocf@inoutbox=\box30
\algocf@inputbox=\box31
\AlCapSkip=\skip57
\AlCapHSkip=\skip58
\algoskipindent=\skip59
\algocf@nlbox=\box32
\algocf@hangingbox=\box33
\algocf@untilbox=\box34
\algocf@skipuntil=\skip60
\algocf@capbox=\box35
\algocf@lcaptionbox=\skip61
\algoheightruledefault=\skip62
\algoheightrule=\skip63
\algotitleheightruledefault=\skip64
\algotitleheightrule=\skip65
\c@algocfline=\count109
\c@algocfproc=\count110
\c@algocf=\count111
\algocf@algoframe=\box36
\algocf@algobox=\box37
)
(c:/texlive/2018/texmf-dist/tex/latex/tools/array.sty
Package: array 2018/04/30 v2.4h Tabular extension package (FMi)
\col@sep=\dimen143
\ar@mcellbox=\box38
\extrarowheight=\dimen144
\NC@list=\toks21
\extratabsurround=\skip66
\backup@length=\skip67
\ar@cellbox=\box39
)
(c:/texlive/2018/texmf-dist/tex/latex/subfig/subfig.sty
Package: subfig 2005/06/28 ver: 1.3 subfig package

(c:/texlive/2018/texmf-dist/tex/latex/caption/caption3.sty
Package: caption3 2018/05/27 v1.8a caption3 kernel (AR)
Package caption3 Info: TeX engine: e-TeX on input line 64.
\captionmargin=\dimen145
\captionmargin@=\dimen146
\captionwidth=\dimen147
\caption@tempdima=\dimen148
\caption@indent=\dimen149
\caption@parindent=\dimen150
\caption@hangindent=\dimen151
Package caption Info: Unknown document class (or package),
(caption)             standard defaults will be used.
)
\c@KVtest=\count112
\sf@farskip=\skip68
\sf@captopadj=\dimen152
\sf@capskip=\skip69
\sf@nearskip=\skip70
\c@subfigure=\count113
\c@subfigure@save=\count114
\c@lofdepth=\count115
\c@subtable=\count116
\c@subtable@save=\count117
\c@lotdepth=\count118
\sf@top=\skip71
\sf@bottom=\skip72
)

LaTeX Warning: Unused global option(s):
    [UTF8].

(./Multi-Processors.aux)
\openout1 = `Multi-Processors.aux'.

LaTeX Font Info:    Checking defaults for OML/cmm/m/it on input line 373.
LaTeX Font Info:    ... okay on input line 373.
LaTeX Font Info:    Checking defaults for T1/cmr/m/n on input line 373.
LaTeX Font Info:    ... okay on input line 373.
LaTeX Font Info:    Checking defaults for OT1/cmr/m/n on input line 373.
LaTeX Font Info:    ... okay on input line 373.
LaTeX Font Info:    Checking defaults for OMS/cmsy/m/n on input line 373.
LaTeX Font Info:    ... okay on input line 373.
LaTeX Font Info:    Checking defaults for OMX/cmex/m/n on input line 373.
LaTeX Font Info:    ... okay on input line 373.
LaTeX Font Info:    Checking defaults for U/cmr/m/n on input line 373.
LaTeX Font Info:    ... okay on input line 373.

-- Lines per column: 58 (exact).
(c:/texlive/2018/texmf-dist/tex/context/base/mkii/supp-pdf.mkii
[Loading MPS to PDF converter (version 2006.09.02).]
\scratchcounter=\count119
\scratchdimen=\dimen153
\scratchbox=\box40
\nofMPsegments=\count120
\nofMParguments=\count121
\everyMPshowfont=\toks22
\MPscratchCnt=\count122
\MPscratchDim=\dimen154
\MPnumerator=\count123
\makeMPintoPDFobject=\count124
\everyMPtoPDFconversion=\toks23
) (c:/texlive/2018/texmf-dist/tex/latex/oberdiek/epstopdf-base.sty
Package: epstopdf-base 2016/05/15 v2.6 Base part for package epstopdf

(c:/texlive/2018/texmf-dist/tex/generic/oberdiek/infwarerr.sty
Package: infwarerr 2016/05/16 v1.4 Providing info/warning/error messages (HO)
)
(c:/texlive/2018/texmf-dist/tex/latex/oberdiek/grfext.sty
Package: grfext 2016/05/16 v1.2 Manage graphics extensions (HO)

(c:/texlive/2018/texmf-dist/tex/generic/oberdiek/kvdefinekeys.sty
Package: kvdefinekeys 2016/05/16 v1.4 Define keys (HO)

(c:/texlive/2018/texmf-dist/tex/generic/oberdiek/ltxcmds.sty
Package: ltxcmds 2016/05/16 v1.23 LaTeX kernel commands for general use (HO)
)))
(c:/texlive/2018/texmf-dist/tex/latex/oberdiek/kvoptions.sty
Package: kvoptions 2016/05/16 v3.12 Key value format for package options (HO)

(c:/texlive/2018/texmf-dist/tex/generic/oberdiek/kvsetkeys.sty
Package: kvsetkeys 2016/05/16 v1.17 Key value parser (HO)

(c:/texlive/2018/texmf-dist/tex/generic/oberdiek/etexcmds.sty
Package: etexcmds 2016/05/16 v1.6 Avoid name clashes with e-TeX commands (HO)

(c:/texlive/2018/texmf-dist/tex/generic/oberdiek/ifluatex.sty
Package: ifluatex 2016/05/16 v1.4 Provides the ifluatex switch (HO)
Package ifluatex Info: LuaTeX not detected.
)
Package etexcmds Info: Could not find \expanded.
(etexcmds)             That can mean that you are not using pdfTeX 1.50 or
(etexcmds)             that some package has redefined \expanded.
(etexcmds)             In the latter case, load this package earlier.
)))
(c:/texlive/2018/texmf-dist/tex/generic/oberdiek/pdftexcmds.sty
Package: pdftexcmds 2018/01/30 v0.27 Utility functions of pdfTeX for LuaTeX (HO
)

(c:/texlive/2018/texmf-dist/tex/generic/oberdiek/ifpdf.sty
Package: ifpdf 2017/03/15 v3.2 Provides the ifpdf switch
)
Package pdftexcmds Info: LuaTeX not detected.
Package pdftexcmds Info: \pdf@primitive is available.
Package pdftexcmds Info: \pdf@ifprimitive is available.
Package pdftexcmds Info: \pdfdraftmode found.
)
Package epstopdf-base Info: Redefining graphics rule for `.eps' on input line 4
38.
Package grfext Info: Graphics extension search list:
(grfext)             [.pdf,.jpeg,.png,.eps]
(grfext)             \AppendGraphicsExtensions on input line 456.

(c:/texlive/2018/texmf-dist/tex/latex/latexconfig/epstopdf-sys.cfg
File: epstopdf-sys.cfg 2010/07/13 v1.3 Configuration of (r)epstopdf for TeX Liv
e
))
Package caption Info: Begin \AtBeginDocument code.
Package caption Info: subfig package v1.3 is loaded.
Package caption Info: End \AtBeginDocument code.


LaTeX Warning: No \author given.


LaTeX Warning: No \author given.


LaTeX Warning: No \author given.

LaTeX Font Info:    External font `cmex10' loaded for size
(Font)              <7> on input line 502.
LaTeX Font Info:    External font `cmex10' loaded for size
(Font)              <5> on input line 502.
[1{c:/texlive/2018/texmf-var/fonts/map/pdftex/updmap/pdftex.map}


]
Overfull \hbox (1.76807pt too wide) in paragraph at lines 525--525
[]|\OT1/ptm/m/n/7 No.| 
 []


Overfull \hbox (2.12236pt too wide) in paragraph at lines 529--529
[]|\OT1/ptm/m/n/7 Injection| 
 []


Overfull \hbox (2.40244pt too wide) in paragraph at lines 539--539
[]|\OT1/ptm/m/n/7 AirValve| 
 []


Underfull \hbox (badness 10000) in paragraph at lines 539--539
[]|\OT1/ptm/m/n/7 Yellow
 []


Overfull \hbox (3.04103pt too wide) in paragraph at lines 523--546
 [] 
 []

<fig/FIG2.pdf, id=11, 855.94781pt x 500.62032pt>
File: fig/FIG2.pdf Graphic file (type pdf)
<use fig/FIG2.pdf>
Package pdftex.def Info: fig/FIG2.pdf  used on input line 575.
(pdftex.def)             Requested size: 252.94499pt x 147.94144pt.

Overfull \hbox (0.94499pt too wide) in paragraph at lines 575--576
 [][] 
 []


Underfull \vbox (badness 1226) has occurred while \output is active []

<fig/FIG6.pdf, id=12, 472.39487pt x 446.79924pt>
File: fig/FIG6.pdf Graphic file (type pdf)
<use fig/FIG6.pdf>
Package pdftex.def Info: fig/FIG6.pdf  used on input line 583.
(pdftex.def)             Requested size: 216.81pt x 205.05972pt.
 [2 <./fig/FIG2.pdf>]
<fig/FIG3.pdf, id=21, 671.89018pt x 313.9228pt>
File: fig/FIG3.pdf Graphic file (type pdf)
<use fig/FIG3.pdf>
Package pdftex.def Info: fig/FIG3.pdf  used on input line 610.
(pdftex.def)             Requested size: 216.81pt x 101.3004pt.
<fig/FIG4.pdf, id=22, 288.3272pt x 241.65282pt>
File: fig/FIG4.pdf Graphic file (type pdf)
<use fig/FIG4.pdf>
Package pdftex.def Info: fig/FIG4.pdf  used on input line 618.
(pdftex.def)             Requested size: 216.81pt x 181.7185pt.
 [3 <./fig/FIG6.pdf> <./fig/FIG3.pdf

pdfTeX warning: pdflatex.exe (file ./fig/FIG3.pdf): PDF inclusion: multiple pdf
s with page group included in a single page
> <./fig/FIG4.pdf

pdfTeX warning: pdflatex.exe (file ./fig/FIG4.pdf): PDF inclusion: multiple pdf
s with page group included in a single page
>]
Underfull \hbox (badness 5260) in paragraph at lines 680--681
[][]\OT1/ptm/m/n/10 The pro-gram-ming struc-ture ($\OML/cmm/m/it/10 PS$\OT1/ptm
/m/n/10 ) con-sists of mod-
 []


Underfull \hbox (badness 2653) in paragraph at lines 680--681
\OT1/ptm/m/n/10 ules ($\OML/cmm/m/it/10 MS$\OT1/ptm/m/n/10 ), mem-ory al-lo-ca-
tion ($\OML/cmm/m/it/10 MA$\OT1/ptm/m/n/10 ), $\OML/cmm/m/it/10 LPM$ \OT1/ptm/m
/n/10 data in-
 []


Underfull \hbox (badness 2173) in paragraph at lines 680--681
\OT1/ptm/m/n/10 ter-ac-tion and threads ($\OML/cmm/m/it/10 TD$\OT1/ptm/m/n/10 )
. Each $\OML/cmm/m/it/10 ms[]$ \OT1/ptm/m/n/10 has two parts:
 []

<fig/FIG5.pdf, id=49, 846.91406pt x 237.51736pt>
File: fig/FIG5.pdf Graphic file (type pdf)
<use fig/FIG5.pdf>
Package pdftex.def Info: fig/FIG5.pdf  used on input line 684.
(pdftex.def)             Requested size: 216.81pt x 60.80351pt.
<fig/Compile.pdf, id=50, 349.68643pt x 557.83406pt>
File: fig/Compile.pdf Graphic file (type pdf)
<use fig/Compile.pdf>
Package pdftex.def Info: fig/Compile.pdf  used on input line 703.
(pdftex.def)             Requested size: 216.81pt x 345.87056pt.
[4 <./fig/FIG5.pdf>]
Underfull \hbox (badness 2469) in paragraph at lines 774--775
[][]\OT1/ptm/m/n/10 The pro-cess of $\OMS/cmsy/m/n/10 P[]$ \OT1/ptm/m/n/10 is s
een be-low: $\OMS/cmsy/m/n/10 S[]\OT1/cmr/m/n/10 (\OML/cmm/m/it/10 msb[]\OT1/cm
r/m/n/10 ) \OMS/cmsy/m/n/10 !
 []


Underfull \hbox (badness 10000) in paragraph at lines 789--791
[]\OT1/ptm/m/n/10 One mod-ule re-ceives a sys-tem de-fined mes-sage
 []


Underfull \hbox (badness 2435) in paragraph at lines 789--791
\OT1/ptm/m/n/10 shown be-low: $\OMS/cmsy/m/n/10 J[]\OT1/cmr/m/n/10 (\OML/cmm/m/
it/10 smf[]\OT1/cmr/m/n/10 ) \OMS/cmsy/m/n/10 ! \OML/cmm/m/it/10 GetMessage[]\O
T1/cmr/m/n/10 (\OML/cmm/m/it/10 dmf[]\OT1/cmr/m/n/10 ) \OMS/cmsy/m/n/10 !
 []

<fig/Interaction.pdf, id=61, 615.80063pt x 383.56299pt>
File: fig/Interaction.pdf Graphic file (type pdf)
<use fig/Interaction.pdf>
Package pdftex.def Info: fig/Interaction.pdf  used on input line 796.
(pdftex.def)             Requested size: 216.81pt x 135.03917pt.
LaTeX Font Info:    External font `cmex10' loaded for size
(Font)              <8> on input line 797.
LaTeX Font Info:    External font `cmex10' loaded for size
(Font)              <6> on input line 797.
[5 <./fig/compile.pdf>]
<fig/threadFlow.pdf, id=83, 890.20581pt x 709.5308pt>
File: fig/threadFlow.pdf Graphic file (type pdf)
<use fig/threadFlow.pdf>
Package pdftex.def Info: fig/threadFlow.pdf  used on input line 834.
(pdftex.def)             Requested size: 216.81pt x 172.80263pt.
 [6 <./fig/Interaction.pdf> <./fig/threadFlow.pdf

pdfTeX warning: pdflatex.exe (file ./fig/threadFlow.pdf): PDF inclusion: multip
le pdfs with page group included in a single page
>]
<fig/state.pdf, id=163, 639.51924pt x 603.0028pt>
File: fig/state.pdf Graphic file (type pdf)
<use fig/state.pdf>
Package pdftex.def Info: fig/state.pdf  used on input line 912.
(pdftex.def)             Requested size: 216.81pt x 204.42937pt.
<fig/FIG10.pdf, id=164, 207.02344pt x 236.76456pt>
File: fig/FIG10.pdf Graphic file (type pdf)
<use fig/FIG10.pdf>
Package pdftex.def Info: fig/FIG10.pdf  used on input line 921.
(pdftex.def)             Requested size: 216.81pt x 247.96342pt.
<fig/ld.pdf, id=165, 953.44206pt x 922.94812pt>
File: fig/ld.pdf Graphic file (type pdf)
<use fig/ld.pdf>
Package pdftex.def Info: fig/ld.pdf  used on input line 936.
(pdftex.def)             Requested size: 252.94499pt x 244.84766pt.

Overfull \hbox (0.94499pt too wide) in paragraph at lines 936--937
 [][] 
 []

[7 <./fig/state.pdf> <./fig/FIG10.pdf

pdfTeX warning: pdflatex.exe (file ./fig/FIG10.pdf): PDF inclusion: multiple pd
fs with page group included in a single page
>]
Underfull \vbox (badness 2717) has occurred while \output is active []


Overfull \hbox (14.73438pt too wide) in paragraph at lines 962--973
 [] 
 []

<fig/Compare.pdf, id=190, 289.08pt x 231.86626pt>
File: fig/Compare.pdf Graphic file (type pdf)
<use fig/Compare.pdf>
Package pdftex.def Info: fig/Compare.pdf  used on input line 978.
(pdftex.def)             Requested size: 216.81pt x 173.89925pt.
(./Multi-Processors.bbl [8 <./fig/ld.pdf> <./fig/Compare.pdf

pdfTeX warning: pdflatex.exe (file ./fig/Compare.pdf): PDF inclusion: multiple 
pdfs with page group included in a single page
>]
! Misplaced alignment tab character &.
<argument> ...Transactions on Automation Science &
                                                   Engineering
l.212   Science & Engineering}
                              , vol.~10, no.~4, pp. 990--1003, 2013.
I can't figure out why you would want to use a tab mark
here. If you just want an ampersand, the remedy is
simple: Just type `I\&' now. But if some right brace
up above has ended a previous alignment prematurely,
you're probably due for more error messages, and you
might try typing `S' now just to see what is salvageable.

) [9] (./Multi-Processors.aux) ) 
Here is how much of TeX's memory you used:
 4943 strings out of 492642
 78769 string characters out of 6133163
 172284 words of memory out of 5000000
 8757 multiletter control sequences out of 15000+600000
 39893 words of font info for 73 fonts, out of 8000000 for 9000
 1144 hyphenation exceptions out of 8191
 41i,13n,38p,1686b,385s stack positions out of 5000i,500n,10000p,200000b,80000s
{c:/texlive/2018/texmf-dist/fonts/enc/dvips/bas
e/8r.enc}<c:/texlive/2018/texmf-dist/fonts/type1/public/amsfonts/cm/cmex10.pfb>
<c:/texlive/2018/texmf-dist/fonts/type1/public/amsfonts/cm/cmmi10.pfb><c:/texli
ve/2018/texmf-dist/fonts/type1/public/amsfonts/cm/cmmi6.pfb><c:/texlive/2018/te
xmf-dist/fonts/type1/public/amsfonts/cm/cmmi7.pfb><c:/texlive/2018/texmf-dist/f
onts/type1/public/amsfonts/cm/cmmi8.pfb><c:/texlive/2018/texmf-dist/fonts/type1
/public/amsfonts/cm/cmr10.pfb><c:/texlive/2018/texmf-dist/fonts/type1/public/am
sfonts/cm/cmr6.pfb><c:/texlive/2018/texmf-dist/fonts/type1/public/amsfonts/cm/c
mr7.pfb><c:/texlive/2018/texmf-dist/fonts/type1/public/amsfonts/cm/cmsy10.pfb><
c:/texlive/2018/texmf-dist/fonts/type1/public/amsfonts/cm/cmsy7.pfb><c:/texlive
/2018/texmf-dist/fonts/type1/public/amsfonts/cm/cmsy8.pfb><c:/texlive/2018/texm
f-dist/fonts/type1/urw/times/utmb8a.pfb><c:/texlive/2018/texmf-dist/fonts/type1
/urw/times/utmbi8a.pfb><c:/texlive/2018/texmf-dist/fonts/type1/urw/times/utmr8a
.pfb><c:/texlive/2018/texmf-dist/fonts/type1/urw/times/utmri8a.pfb>
Output written on Multi-Processors.pdf (9 pages, 2492578 bytes).
PDF statistics:
 263 PDF objects out of 1000 (max. 8388607)
 142 compressed objects within 2 object streams
 0 named destinations out of 1000 (max. 500000)
 61 words of extra memory for PDF output out of 10000 (max. 10000000)

